+ date
Mon Aug  4 02:28:55 CDT 2014
+ LD_LIBRARY_PATH=:/opt/apps/intel13/boost/1.51.0/lib:/opt/apps/intel13/mvapich2_1_9/visit/current/linux-x86_64/lib:/opt/apps/limic2/0.5.5/lib:/opt/apps/intel13/mvapich2_1_9/paraview/4.1.0/lib/paraview-4.1:/opt/apps/qt/4.8.4/lib:/opt/apps/python/epd/7.3.2/lib:/opt/apps/intel13/mvapich2/1.9/lib:/opt/apps/intel13/mvapich2/1.9/lib/shared:/opt/apps/intel/13/composer_xe_2013.2.146/tbb/lib/intel64:/opt/apps/intel/13/composer_xe_2013.2.146/compiler/lib/intel64:/opt/intel/mic/coi/host-linux-release/lib:/opt/intel/mic/myo/lib:/opt/apps/intel/13/composer_xe_2013.2.146/mpirt/lib/intel64:/opt/apps/intel/13/composer_xe_2013.2.146/ipp/../compiler/lib/intel64:/opt/apps/intel/13/composer_xe_2013.2.146/ipp/lib/intel64:/opt/apps/intel/13/composer_xe_2013.2.146/compiler/lib/intel64:/opt/apps/intel/13/composer_xe_2013.2.146/mkl/lib/intel64:/opt/apps/intel/13/composer_xe_2013.2.146/tbb/lib/intel64:/home1/01336/carson/git/RIVL/bin:/home1/02062/wald/Projects/ispc:/work/01336/carson/opt/lib:/work/01336/carson/opt/manta/lib:/work/01249/gda/vtk/install/stampede/vtk/lib:/opt/apps/intel/13/composer_xe_2013.0.062/compiler/lib/intel64/
+ tacc_xrun ibrun -n 1 -o 0 tacc_xrun pvbatch /scratch/01336/carson/intelTACC/fiu.py -w 1920x1080 --numStreamlines 4000 --numruns 40
TACC: Starting up job 3826918
TACC: Setting up parallel environment for MVAPICH2+mpispawn.
TACC: Starting parallel tasks...
 windowsize: [1920, 1080]
disabling immediate mode
immmediate mode set correctly
number of streamlines: 4000
#
warmup...
#
rendering warmup frame
warmup frame Render: 37.4129598141
rendering warmup frame
warmup frame Render: 0.410557985306
rendering warmup frame
warmup frame Render: 0.649752855301
rendering warmup frame
warmup frame Render: 0.939789056778
rendering warmup frame
warmup frame Render: 0.940009117126
#
running...
#
#
parsing...
#
fps: 1.06353239626
 
TACC: Shutdown complete. Exiting.
+ date
Mon Aug  4 02:31:06 CDT 2014
